Stereo calibration parameters after loading the individual calibration files:


Intrinsic parameters of left camera:

Focal Length:          fc_left = [ 1898.92230   1900.00803 ] ± [ 11.22596   11.00079 ]
Principal point:       cc_left = [ 625.06385   455.93113 ] ± [ 16.64276   12.19097 ]
Skew:             alpha_c_left = [ 0.00000 ] ± [ 0.00000  ]   => angle of pixel axes = 90.00000 ± 0.00000 degrees
Distortion:            kc_left = [ -0.36518   0.33466   0.00000   0.00000  0.00000 ] ± [ 0.01914   0.14648   0.00000   0.00000  0.00000 ]


Intrinsic parameters of right camera:

Focal Length:          fc_right = [ 1709.09133   1712.75365 ] ± [ 10.13445   9.86441 ]
Principal point:       cc_right = [ 647.25139   463.76546 ] ± [ 14.06019   11.04415 ]
Skew:             alpha_c_right = [ 0.00000 ] ± [ 0.00000  ]   => angle of pixel axes = 90.00000 ± 0.00000 degrees
Distortion:            kc_right = [ -0.41598   0.34432   -0.00142   -0.00348  0.00000 ] ± [ 0.02146   0.11962   0.00102   0.00163  0.00000 ]


Extrinsic parameters (position of right camera wrt left camera):

Rotation vector:             om = [ 0.00784   -0.01568  0.00083 ]
Translation vector:           T = [ -132.63149   -5.33751  -13.38391 ]

Recomputation of the intrinsic parameters of the left camera (recompute_intrinsic_left = 1)

Recomputation of the intrinsic parameters of the right camera (recompute_intrinsic_right = 1)

Main stereo calibration optimization procedure - Number of pairs of images: 22
Gradient descent iterations: 1...2...3...4...done
Estimation of uncertainties...done



Stereo calibration parameters after optimization:


Intrinsic parameters of left camera:

Focal Length:          fc_left = [ 1889.29032   1891.58042 ] ± [ 7.43957   7.45203 ]
Principal point:       cc_left = [ 634.19532   463.39306 ] ± [ 15.00286   10.42651 ]
Skew:             alpha_c_left = [ 0.00000 ] ± [ 0.00000  ]   => angle of pixel axes = 90.00000 ± 0.00000 degrees
Distortion:            kc_left = [ -0.35976   0.28026   0.00000   0.00000  0.00000 ] ± [ 0.01939   0.15303   0.00000   0.00000  0.00000 ]


Intrinsic parameters of right camera:

Focal Length:          fc_right = [ 1722.56691   1725.51365 ] ± [ 7.04391   7.03655 ]
Principal point:       cc_right = [ 637.54172   468.04349 ] ± [ 14.74060   10.74472 ]
Skew:             alpha_c_right = [ 0.00000 ] ± [ 0.00000  ]   => angle of pixel axes = 90.00000 ± 0.00000 degrees
Distortion:            kc_right = [ -0.39891   0.32286   -0.00210   -0.00140  0.00000 ] ± [ 0.02453   0.14853   0.00092   0.00157  0.00000 ]


Extrinsic parameters (position of right camera wrt left camera):

Rotation vector:             om = [ 0.00608   -0.00565  0.00162 ] ± [ 0.00798   0.00981  0.00048 ]
Translation vector:           T = [ -132.39064   -5.73992  -3.91908 ] ± [ 0.24272   0.19244  1.89280 ]


Note: The numerical errors are approximately three times the standard deviations (for reference).

Saving the stereo calibration results in Calib_Results_stereo.mat...
EDU>> 